<?xml version="1.0" encoding="utf-8"?><testsuites name="pytest tests"><testsuite name="pytest" errors="0" failures="0" skipped="0" tests="15" time="97.739" timestamp="2026-05-07T16:55:43.545633+00:00" hostname="agent-env-568e8309-3e7e-4e78-b8e0-3913155fa749"><testcase classname="backend.tests.test_iteration3.TestWebSocketAuth" name="test_ws_no_cookie_rejected" time="0.327" /><testcase classname="backend.tests.test_iteration3.TestWebSocketAuth" name="test_ws_wrong_session_rejected" time="0.579" /><testcase classname="backend.tests.test_iteration3.TestWebSocketConnect" name="test_first_connect_sends_history_then_intro" time="0.525" /><testcase classname="backend.tests.test_iteration3.TestWebSocketBroadcast" name="test_two_connections_broadcast_and_canned_reply" time="0.755" /><testcase classname="backend.tests.test_iteration3.TestCannedReplies" name="test_keyword_canned_reply[recall is bad-chunk overlap]" time="10.424" /><testcase classname="backend.tests.test_iteration3.TestCannedReplies" name="test_keyword_canned_reply[rag pipeline failing-chunk overlap]" time="10.460" /><testcase classname="backend.tests.test_iteration3.TestCannedReplies" name="test_keyword_canned_reply[agent loop is stuck-planner is over-thinking]" time="10.505" /><testcase classname="backend.tests.test_iteration3.TestCannedReplies" name="test_keyword_canned_reply[tool routing broken-planner is over-thinking]" time="10.502" /><testcase classname="backend.tests.test_iteration3.TestCannedReplies" name="test_keyword_canned_reply[lora training help-LoRA rank of 16]" time="10.478" /><testcase classname="backend.tests.test_iteration3.TestCannedReplies" name="test_keyword_canned_reply[fine-tuning a 7b-LoRA rank of 16]" time="10.446" /><testcase classname="backend.tests.test_iteration3.TestCannedReplies" name="test_keyword_canned_reply[vllm latency-continuous batching]" time="10.488" /><testcase classname="backend.tests.test_iteration3.TestCannedReplies" name="test_keyword_canned_reply[gpu memory issue-continuous batching]" time="10.468" /><testcase classname="backend.tests.test_iteration3.TestCannedReplies" name="test_default_reply_for_unmatched" time="10.498" /><testcase classname="backend.tests.test_iteration3.TestMessagesREST" name="test_messages_requires_auth" time="0.178" /><testcase classname="backend.tests.test_iteration3.TestMessagesREST" name="test_messages_404_for_other_user" time="1.017" /></testsuite></testsuites>