<?xml version="1.0" encoding="utf-8"?><testsuites name="pytest tests"><testsuite name="pytest" errors="0" failures="1" skipped="0" tests="20" time="21.410" timestamp="2026-05-07T16:24:51.571350+00:00" hostname="agent-env-568e8309-3e7e-4e78-b8e0-3913155fa749"><testcase classname="backend.tests.backend_test.TestHealth" name="test_root" time="0.126" /><testcase classname="backend.tests.backend_test.TestHealth" name="test_healthz" time="0.166" /><testcase classname="backend.tests.backend_test.TestAuth" name="test_register_creates_user_and_sets_cookies" time="0.492" /><testcase classname="backend.tests.backend_test.TestAuth" name="test_register_duplicate" time="0.504" /><testcase classname="backend.tests.backend_test.TestAuth" name="test_login_admin" time="0.410" /><testcase classname="backend.tests.backend_test.TestAuth" name="test_login_invalid" time="0.754" /><testcase classname="backend.tests.backend_test.TestAuth" name="test_me_unauthenticated" time="0.238" /><testcase classname="backend.tests.backend_test.TestAuth" name="test_logout_clears_cookies" time="0.568" /><testcase classname="backend.tests.backend_test.TestTutors" name="test_list_tutors" time="0.119" /><testcase classname="backend.tests.backend_test.TestTutors" name="test_apply_tutor" time="0.123" /><testcase classname="backend.tests.backend_test.TestDoubts" name="test_create_and_list_and_get" time="0.202" /><testcase classname="backend.tests.backend_test.TestDoubts" name="test_doubts_require_auth" time="1.149" /><testcase classname="backend.tests.backend_test.TestTriage" name="test_triage_real_llm" time="14.848" /><testcase classname="backend.tests.backend_test.TestMatchAndSessions" name="test_match_auto_creates_session" time="0.113" /><testcase classname="backend.tests.backend_test.TestMatchAndSessions" name="test_match_specific_tutor" time="0.167" /><testcase classname="backend.tests.backend_test.TestMatchAndSessions" name="test_match_invalid_tier" time="0.166" /><testcase classname="backend.tests.backend_test.TestMatchAndSessions" name="test_list_get_end_session" time="0.331" /><testcase classname="backend.tests.backend_test.TestInsights" name="test_insights_returns" time="0.072" /><testcase classname="backend.tests.backend_test.TestPayments" name="test_checkout_creates_session" time="0.520" /><testcase classname="backend.tests.backend_test.TestPayments" name="test_checkout_status" time="0.251"><failure message="assert 502 == 200&#10; +  where 502 = &lt;Response [502]&gt;.status_code">backend/tests/backend_test.py:256: in test_checkout_status
    assert r.status_code == 200
E   assert 502 == 200
E    +  where 502 = &lt;Response [502]&gt;.status_code</failure></testcase></testsuite></testsuites>