<?xml version="1.0" encoding="utf-8"?><testsuites name="pytest tests"><testsuite name="pytest" errors="0" failures="0" skipped="0" tests="14" time="6.384" timestamp="2026-05-07T16:24:41.094608+00:00" hostname="agent-env-568e8309-3e7e-4e78-b8e0-3913155fa749"><testcase classname="backend.tests.test_iteration2.TestSavedTutors" name="test_saved_round_trip" time="1.052" /><testcase classname="backend.tests.test_iteration2.TestSavedTutors" name="test_save_unknown_tutor_404" time="0.079" /><testcase classname="backend.tests.test_iteration2.TestSavedTutors" name="test_saved_requires_auth" time="0.132" /><testcase classname="backend.tests.test_iteration2.TestBilling" name="test_billing_empty_then_populated" time="0.917" /><testcase classname="backend.tests.test_iteration2.TestBilling" name="test_billing_requires_auth" time="0.142" /><testcase classname="backend.tests.test_iteration2.TestProfileAndPassword" name="test_patch_me_updates_name" time="0.177" /><testcase classname="backend.tests.test_iteration2.TestProfileAndPassword" name="test_change_password_wrong_current" time="0.309" /><testcase classname="backend.tests.test_iteration2.TestProfileAndPassword" name="test_change_password_success_and_login" time="1.179" /><testcase classname="backend.tests.test_iteration2.TestProfileAndPassword" name="test_patch_me_requires_auth" time="0.126" /><testcase classname="backend.tests.test_iteration2.TestResolveSession" name="test_resolution_field_on_public" time="0.264" /><testcase classname="backend.tests.test_iteration2.TestResolveSession" name="test_resolve_resolved" time="0.319" /><testcase classname="backend.tests.test_iteration2.TestResolveSession" name="test_resolve_refunded_marks_payment" time="0.888" /><testcase classname="backend.tests.test_iteration2.TestResolveSession" name="test_resolve_invalid_400" time="0.231" /><testcase classname="backend.tests.test_iteration2.TestResolveSession" name="test_resolve_requires_auth" time="0.451" /></testsuite></testsuites>