<?xml version="1.0" encoding="utf-8"?><testsuites name="pytest tests"><testsuite name="pytest" errors="0" failures="0" skipped="0" tests="22" time="36.512" timestamp="2026-05-07T18:45:42.226095+00:00" hostname="agent-env-568e8309-3e7e-4e78-b8e0-3913155fa749"><testcase classname="tests.test_iteration5.TestWebSocketPresence" name="test_history_includes_presence_and_disconnect_broadcasts" time="1.133" /><testcase classname="tests.test_iteration5.TestPresenceEndpoint" name="test_owner_can_read_presence" time="0.962" /><testcase classname="tests.test_iteration5.TestPresenceEndpoint" name="test_unknown_session_404" time="0.567" /><testcase classname="tests.test_iteration5.TestPresenceEndpoint" name="test_unrelated_user_403" time="1.266" /><testcase classname="tests.test_iteration5.TestPresenceEndpoint" name="test_admin_can_read_presence" time="1.343" /><testcase classname="tests.test_iteration5.TestSessionSummaryOnResolve" name="test_resolve_returns_immediately_and_summary_persists" time="9.635" /><testcase classname="tests.test_iteration5.TestTutorAvailability" name="test_tutor_can_toggle_availability" time="0.616" /><testcase classname="tests.test_iteration5.TestTutorAvailability" name="test_admin_without_tutor_id_gets_400" time="0.525" /><testcase classname="tests.test_iteration5.TestTutorAvailability" name="test_student_blocked_403" time="0.418" /><testcase classname="tests.test_iteration5.TestTutorPayouts" name="test_payouts_shape" time="0.432" /><testcase classname="tests.test_iteration5.TestTutorPayouts" name="test_payouts_admin_no_tutor_id_400" time="0.436" /><testcase classname="tests.test_iteration5.TestTutorPayouts" name="test_payouts_student_403" time="0.423" /><testcase classname="tests.test_iteration5.TestJWTRotation" name="test_old_cookie_rejected_after_password_change" time="1.085" /><testcase classname="tests.test_iteration5.TestRegression" name="test_auth_me_register_login" time="0.918" /><testcase classname="tests.test_iteration5.TestRegression" name="test_passwordless_endpoints_exist" time="0.345" /><testcase classname="tests.test_iteration5.TestRegression" name="test_doubts_crud" time="0.767" /><testcase classname="tests.test_iteration5.TestRegression" name="test_triage_graceful_when_llm_exhausted" time="12.490" /><testcase classname="tests.test_iteration5.TestRegression" name="test_match_and_session_lifecycle" time="0.674" /><testcase classname="tests.test_iteration5.TestRegression" name="test_tutor_portal_endpoints" time="0.564" /><testcase classname="tests.test_iteration5.TestRegression" name="test_admin_endpoints" time="0.539" /><testcase classname="tests.test_iteration5.TestRegression" name="test_list_tutors" time="0.135" /><testcase classname="tests.test_iteration5.TestAvailabilityAffectsMatch" name="test_offline_tutor_excluded_from_auto_match_when_topic_unique" time="1.121" /></testsuite></testsuites>