<?xml version="1.0" encoding="utf-8"?><testsuites name="pytest tests"><testsuite name="pytest" errors="0" failures="2" skipped="0" tests="69" time="137.006" timestamp="2026-05-07T17:41:10.688440+00:00" hostname="agent-env-568e8309-3e7e-4e78-b8e0-3913155fa749"><testcase classname="tests.backend_test.TestHealth" name="test_root" time="0.168" /><testcase classname="tests.backend_test.TestHealth" name="test_healthz" time="0.142" /><testcase classname="tests.backend_test.TestAuth" name="test_register_creates_user_and_sets_cookies" time="0.447" /><testcase classname="tests.backend_test.TestAuth" name="test_register_duplicate" time="0.500" /><testcase classname="tests.backend_test.TestAuth" name="test_login_admin" time="0.410" /><testcase classname="tests.backend_test.TestAuth" name="test_login_invalid" time="0.466" /><testcase classname="tests.backend_test.TestAuth" name="test_me_unauthenticated" time="0.122" /><testcase classname="tests.backend_test.TestAuth" name="test_logout_clears_cookies" time="0.600" /><testcase classname="tests.backend_test.TestTutors" name="test_list_tutors" time="0.133"><failure message="AssertionError: assert (True and 11 == 8)&#10; +  where True = isinstance([{'available': True, 'avatar': 'AC', 'bio': 'Built retrieval at a YC AI infra startup. Helps debug recall, chunking, and reranking.', 'id': 'tutor-aria', ...}, {'available': True, 'avatar': 'MP', 'bio': 'Shipped autonomous agents for two SaaS companies. Knows the failure modes by heart.', 'id': 'tutor-marcus', ...}, {'available': True, 'avatar': 'YT', 'bio': 'Trained 30+ models on Llama/Mistral. Will tell you when fine-tuning is the wrong answer.', 'id': 'tutor-yuki', ...}, {'available': True, 'avatar': 'RS', 'bio': 'Runs inference for a Fortune 500. vLLM, TGI, batching, autoscaling — all of it.', 'id': 'tutor-rohan', ...}, {'available': True, 'avatar': 'PI', 'bio': 'Applied scientist. Loves writing eval suites that actually catch regressions.', 'id': 'tutor-priya', ...}, {'available': True, 'avatar': 'DO', 'bio': 'Builds multi-agent systems for financial workflows. Strong on observability.', 'id': 'tutor-david', ...}, ...], list)&#10; +  and   11 = len([{'available': True, 'avatar': 'AC', 'bio': 'Built retrieval at a YC AI infra startup. Helps debug recall, chunking, and reranking.', 'id': 'tutor-aria', ...}, {'available': True, 'avatar': 'MP', 'bio': 'Shipped autonomous agents for two SaaS companies. Knows the failure modes by heart.', 'id': 'tutor-marcus', ...}, {'available': True, 'avatar': 'YT', 'bio': 'Trained 30+ models on Llama/Mistral. Will tell you when fine-tuning is the wrong answer.', 'id': 'tutor-yuki', ...}, {'available': True, 'avatar': 'RS', 'bio': 'Runs inference for a Fortune 500. vLLM, TGI, batching, autoscaling — all of it.', 'id': 'tutor-rohan', ...}, {'available': True, 'avatar': 'PI', 'bio': 'Applied scientist. Loves writing eval suites that actually catch regressions.', 'id': 'tutor-priya', ...}, {'available': True, 'avatar': 'DO', 'bio': 'Builds multi-agent systems for financial workflows. Strong on observability.', 'id': 'tutor-david', ...}, ...])">E   AssertionError: assert (True and 11 == 8)
     +  where True = isinstance([{'available': True, 'avatar': 'AC', 'bio': 'Built retrieval at a YC AI infra startup. Helps debug recall, chunking, and reranking.', 'id': 'tutor-aria', ...}, {'available': True, 'avatar': 'MP', 'bio': 'Shipped autonomous agents for two SaaS companies. Knows the failure modes by heart.', 'id': 'tutor-marcus', ...}, {'available': True, 'avatar': 'YT', 'bio': 'Trained 30+ models on Llama/Mistral. Will tell you when fine-tuning is the wrong answer.', 'id': 'tutor-yuki', ...}, {'available': True, 'avatar': 'RS', 'bio': 'Runs inference for a Fortune 500. vLLM, TGI, batching, autoscaling — all of it.', 'id': 'tutor-rohan', ...}, {'available': True, 'avatar': 'PI', 'bio': 'Applied scientist. Loves writing eval suites that actually catch regressions.', 'id': 'tutor-priya', ...}, {'available': True, 'avatar': 'DO', 'bio': 'Builds multi-agent systems for financial workflows. Strong on observability.', 'id': 'tutor-david', ...}, ...], list)
     +  and   11 = len([{'available': True, 'avatar': 'AC', 'bio': 'Built retrieval at a YC AI infra startup. Helps debug recall, chunking, and reranking.', 'id': 'tutor-aria', ...}, {'available': True, 'avatar': 'MP', 'bio': 'Shipped autonomous agents for two SaaS companies. Knows the failure modes by heart.', 'id': 'tutor-marcus', ...}, {'available': True, 'avatar': 'YT', 'bio': 'Trained 30+ models on Llama/Mistral. Will tell you when fine-tuning is the wrong answer.', 'id': 'tutor-yuki', ...}, {'available': True, 'avatar': 'RS', 'bio': 'Runs inference for a Fortune 500. vLLM, TGI, batching, autoscaling — all of it.', 'id': 'tutor-rohan', ...}, {'available': True, 'avatar': 'PI', 'bio': 'Applied scientist. Loves writing eval suites that actually catch regressions.', 'id': 'tutor-priya', ...}, {'available': True, 'avatar': 'DO', 'bio': 'Builds multi-agent systems for financial workflows. Strong on observability.', 'id': 'tutor-david', ...}, ...])</failure></testcase><testcase classname="tests.backend_test.TestTutors" name="test_apply_tutor" time="0.126" /><testcase classname="tests.backend_test.TestDoubts" name="test_create_and_list_and_get" time="0.229" /><testcase classname="tests.backend_test.TestDoubts" name="test_doubts_require_auth" time="0.127" /><testcase classname="tests.backend_test.TestTriage" name="test_triage_real_llm" time="14.206" /><testcase classname="tests.backend_test.TestMatchAndSessions" name="test_match_auto_creates_session" time="0.078" /><testcase classname="tests.backend_test.TestMatchAndSessions" name="test_match_specific_tutor" time="0.151" /><testcase classname="tests.backend_test.TestMatchAndSessions" name="test_match_invalid_tier" time="0.145" /><testcase classname="tests.backend_test.TestMatchAndSessions" name="test_list_get_end_session" time="0.315" /><testcase classname="tests.backend_test.TestInsights" name="test_insights_returns" time="0.082" /><testcase classname="tests.backend_test.TestPayments" name="test_checkout_creates_session" time="0.719" /><testcase classname="tests.backend_test.TestPayments" name="test_checkout_status" time="0.314"><failure message="assert 502 == 200&#10; +  where 502 = &lt;Response [502]&gt;.status_code">E   assert 502 == 200
     +  where 502 = &lt;Response [502]&gt;.status_code</failure></testcase><testcase classname="tests.test_iteration2.TestSavedTutors" name="test_saved_round_trip" time="0.878" /><testcase classname="tests.test_iteration2.TestSavedTutors" name="test_save_unknown_tutor_404" time="0.065" /><testcase classname="tests.test_iteration2.TestSavedTutors" name="test_saved_requires_auth" time="0.157" /><testcase classname="tests.test_iteration2.TestBilling" name="test_billing_empty_then_populated" time="0.702" /><testcase classname="tests.test_iteration2.TestBilling" name="test_billing_requires_auth" time="0.121" /><testcase classname="tests.test_iteration2.TestProfileAndPassword" name="test_patch_me_updates_name" time="0.128" /><testcase classname="tests.test_iteration2.TestProfileAndPassword" name="test_change_password_wrong_current" time="0.284" /><testcase classname="tests.test_iteration2.TestProfileAndPassword" name="test_change_password_success_and_login" time="1.136" /><testcase classname="tests.test_iteration2.TestProfileAndPassword" name="test_patch_me_requires_auth" time="0.130" /><testcase classname="tests.test_iteration2.TestResolveSession" name="test_resolution_field_on_public" time="0.187" /><testcase classname="tests.test_iteration2.TestResolveSession" name="test_resolve_resolved" time="0.255" /><testcase classname="tests.test_iteration2.TestResolveSession" name="test_resolve_refunded_marks_payment" time="0.777" /><testcase classname="tests.test_iteration2.TestResolveSession" name="test_resolve_invalid_400" time="0.194" /><testcase classname="tests.test_iteration2.TestResolveSession" name="test_resolve_requires_auth" time="0.149" /><testcase classname="tests.test_iteration3.TestWebSocketAuth" name="test_ws_no_cookie_rejected" time="0.231" /><testcase classname="tests.test_iteration3.TestWebSocketAuth" name="test_ws_wrong_session_rejected" time="0.593" /><testcase classname="tests.test_iteration3.TestWebSocketConnect" name="test_first_connect_sends_history_then_intro" time="0.491" /><testcase classname="tests.test_iteration3.TestWebSocketBroadcast" name="test_two_connections_broadcast_and_canned_reply" time="0.754" /><testcase classname="tests.test_iteration3.TestCannedReplies" name="test_keyword_canned_reply[recall is bad-chunk overlap]" time="10.466" /><testcase classname="tests.test_iteration3.TestCannedReplies" name="test_keyword_canned_reply[rag pipeline failing-chunk overlap]" time="10.639" /><testcase classname="tests.test_iteration3.TestCannedReplies" name="test_keyword_canned_reply[agent loop is stuck-planner is over-thinking]" time="10.451" /><testcase classname="tests.test_iteration3.TestCannedReplies" name="test_keyword_canned_reply[tool routing broken-planner is over-thinking]" time="10.535" /><testcase classname="tests.test_iteration3.TestCannedReplies" name="test_keyword_canned_reply[lora training help-LoRA rank of 16]" time="10.436" /><testcase classname="tests.test_iteration3.TestCannedReplies" name="test_keyword_canned_reply[fine-tuning a 7b-LoRA rank of 16]" time="10.460" /><testcase classname="tests.test_iteration3.TestCannedReplies" name="test_keyword_canned_reply[vllm latency-continuous batching]" time="10.647" /><testcase classname="tests.test_iteration3.TestCannedReplies" name="test_keyword_canned_reply[gpu memory issue-continuous batching]" time="10.473" /><testcase classname="tests.test_iteration3.TestCannedReplies" name="test_default_reply_for_unmatched" time="10.503" /><testcase classname="tests.test_iteration3.TestMessagesREST" name="test_messages_requires_auth" time="0.176" /><testcase classname="tests.test_iteration3.TestMessagesREST" name="test_messages_404_for_other_user" time="1.022" /><testcase classname="tests.test_iteration4.TestAdminEndpoints" name="test_stats_admin_only" time="0.442" /><testcase classname="tests.test_iteration4.TestAdminEndpoints" name="test_stats_non_admin_forbidden" time="0.605" /><testcase classname="tests.test_iteration4.TestAdminEndpoints" name="test_applications_list_admin" time="2.105" /><testcase classname="tests.test_iteration4.TestAdminEndpoints" name="test_applications_status_filter" time="0.584" /><testcase classname="tests.test_iteration4.TestAdminEndpoints" name="test_applications_non_admin_forbidden" time="0.470" /><testcase classname="tests.test_iteration4.TestAdminEndpoints" name="test_decide_invalid_decision" time="0.489" /><testcase classname="tests.test_iteration4.TestAdminEndpoints" name="test_decide_approve_promotes_user_to_tutor" time="1.082" /><testcase classname="tests.test_iteration4.TestAdminEndpoints" name="test_decide_reject_no_tutor_created" time="0.951" /><testcase classname="tests.test_iteration4.TestAdminEndpoints" name="test_refunds_admin_only" time="0.914" /><testcase classname="tests.test_iteration4.TestTutorPortal" name="test_queue_student_forbidden" time="0.421" /><testcase classname="tests.test_iteration4.TestTutorPortal" name="test_queue_admin_allowed" time="0.471" /><testcase classname="tests.test_iteration4.TestTutorPortal" name="test_sessions_admin_allowed" time="0.455" /><testcase classname="tests.test_iteration4.TestTutorPortal" name="test_profile_admin_no_tutor_id" time="0.402" /><testcase classname="tests.test_iteration4.TestTutorPortal" name="test_full_promotion_flow_tutor_endpoints" time="1.078" /><testcase classname="tests.test_iteration4.TestTutorPortal" name="test_accept_session_403_for_other_tutor" time="0.868" /><testcase classname="tests.test_iteration4.TestJWTRotation" name="test_old_token_revoked_after_password_change" time="1.091" /><testcase classname="tests.test_iteration4.TestRateLimit" name="test_login_rate_limit_429" time="0.299" /><testcase classname="tests.test_iteration4.TestEmailNoop" name="test_tutor_apply_returns_ok_with_dummy_resend_key" time="0.430" /><testcase classname="tests.test_iteration4.TestWebhookAutoCreate" name="test_webhook_auto_create_session_via_helper" time="1.062" /><testcase classname="tests.test_iteration4" name="test_healthz" time="0.136" /></testsuite></testsuites>