<?xml version="1.0" encoding="utf-8"?><testsuites name="pytest tests"><testsuite name="pytest" errors="0" failures="2" skipped="0" tests="20" time="20.737" timestamp="2026-05-07T16:05:21.521726+00:00" hostname="agent-env-568e8309-3e7e-4e78-b8e0-3913155fa749"><testcase classname="backend.tests.backend_test.TestHealth" name="test_root" time="0.202" /><testcase classname="backend.tests.backend_test.TestHealth" name="test_healthz" time="0.158" /><testcase classname="backend.tests.backend_test.TestAuth" name="test_register_creates_user_and_sets_cookies" time="0.451" /><testcase classname="backend.tests.backend_test.TestAuth" name="test_register_duplicate" time="0.514" /><testcase classname="backend.tests.backend_test.TestAuth" name="test_login_admin" time="0.447" /><testcase classname="backend.tests.backend_test.TestAuth" name="test_login_invalid" time="0.434" /><testcase classname="backend.tests.backend_test.TestAuth" name="test_me_unauthenticated" time="0.130" /><testcase classname="backend.tests.backend_test.TestAuth" name="test_logout_clears_cookies" time="0.556" /><testcase classname="backend.tests.backend_test.TestTutors" name="test_list_tutors" time="0.173" /><testcase classname="backend.tests.backend_test.TestTutors" name="test_apply_tutor" time="0.131" /><testcase classname="backend.tests.backend_test.TestDoubts" name="test_create_and_list_and_get" time="0.214" /><testcase classname="backend.tests.backend_test.TestDoubts" name="test_doubts_require_auth" time="0.125" /><testcase classname="backend.tests.backend_test.TestTriage" name="test_triage_real_llm" time="15.474" /><testcase classname="backend.tests.backend_test.TestMatchAndSessions" name="test_match_auto_creates_session" time="0.077" /><testcase classname="backend.tests.backend_test.TestMatchAndSessions" name="test_match_specific_tutor" time="0.141" /><testcase classname="backend.tests.backend_test.TestMatchAndSessions" name="test_match_invalid_tier" time="0.077"><failure message="KeyError: 'id'">backend/tests/backend_test.py:206: in test_match_invalid_tier
    r = student_session.post(f"{API}/doubts/{d['id']}/match", json={
                                             ^^^^^^^
E   KeyError: 'id'</failure></testcase><testcase classname="backend.tests.backend_test.TestMatchAndSessions" name="test_list_get_end_session" time="0.304" /><testcase classname="backend.tests.backend_test.TestInsights" name="test_insights_returns" time="0.077" /><testcase classname="backend.tests.backend_test.TestPayments" name="test_checkout_creates_session" time="0.685" /><testcase classname="backend.tests.backend_test.TestPayments" name="test_checkout_status" time="0.270"><failure message="assert 502 == 200&#10; +  where 502 = &lt;Response [502]&gt;.status_code">backend/tests/backend_test.py:256: in test_checkout_status
    assert r.status_code == 200
E   assert 502 == 200
E    +  where 502 = &lt;Response [502]&gt;.status_code</failure></testcase></testsuite></testsuites>